[ 16:48:56.696 17-02-2017  INFO ] sample error log
[ 16:49:14.404 17-02-2017  ERROR ] sample error log
[ 16:49:36.443 17-02-2017  INFO ] sample info log
[ 23:36:27.557 20-02-2017  ERROR ] res\character.json (The system cannot find the file specified)
[ 02:23:54.008 21-02-2017  ERROR ] res\character.json (The system cannot find the file specified)
[ 02:23:58.968 21-02-2017  ERROR ] res\character.json (The system cannot find the file specified)
[ 02:25:23.997 21-02-2017  ERROR ] res\character.json (The system cannot find the file specified)
[ 02:25:28.657 21-02-2017  ERROR ] res\character.json (The system cannot find the file specified)
[ 02:31:27.953 21-02-2017  ERROR ] res\character.json (The system cannot find the file specified)
[ 02:31:32.274 21-02-2017  ERROR ] res\character.json (The system cannot find the file specified)
[ 02:31:32.936 21-02-2017  ERROR ] res\character.json (The system cannot find the file specified)
[ 02:31:32.936 21-02-2017  ERROR ] res\character.json (The system cannot find the file specified)
[ 11:32:18.220 22-02-2017  ERROR ] java.lang.IllegalStateException: Expected a string but was BEGIN_OBJECT at line 1 column 40 path $[0].map_size
[ 11:35:02.058 22-02-2017  ERROR ] java.lang.IllegalStateException: Expected a string but was BEGIN_OBJECT at line 1 column 40 path $[0].map_size
[ 11:35:15.617 22-02-2017  ERROR ] java.lang.IllegalStateException: Expected a string but was BEGIN_OBJECT at line 1 column 40 path $[0].map_size
[ 11:35:23.338 22-02-2017  ERROR ] java.lang.IllegalStateException: Expected a string but was BEGIN_OBJECT at line 1 column 40 path $[0].map_size
[ 11:35:48.529 22-02-2017  ERROR ] java.lang.IllegalStateException: Expected a string but was BEGIN_OBJECT at line 1 column 40 path $[0].map_size
[ 11:38:44.897 22-02-2017  ERROR ] java.lang.IllegalStateException: Expected a string but was BEGIN_OBJECT at line 1 column 40 path $[0].map_size
[ 11:39:31.022 22-02-2017  ERROR ] java.lang.IllegalStateException: Expected a string but was BEGIN_OBJECT at line 1 column 40 path $[0].map_size
[ 11:43:23.684 22-02-2017  ERROR ] java.lang.IllegalStateException: Expected a string but was BEGIN_OBJECT at line 1 column 40 path $[0].map_size
[ 23:08:03.397 22-02-2017  ERROR ] java.lang.IllegalStateException: Expected BEGIN_ARRAY but was BEGIN_OBJECT at line 1 column 153 path $[0].map_enemy_loc
[ 13:53:12.065 23-02-2017  ERROR ] res\item.json (The system cannot find the file specified)
[ 13:53:19.590 23-02-2017  ERROR ] res\item.json (The system cannot find the file specified)
[ 13:57:14.157 23-02-2017  ERROR ] res\item.json (The system cannot find the file specified)
[ 00:23:41.746 14-03-2017  ERROR ] java.lang.IllegalStateException: Expected BEGIN_OBJECT but was STRING at line 26 column 8 path $[0].map_enemy_loc[0]
[ 00:24:12.841 14-03-2017  ERROR ] java.lang.IllegalStateException: Expected BEGIN_OBJECT but was STRING at line 26 column 8 path $[0].map_enemy_loc[0]
[ 01:33:03.435 14-03-2017  ERROR ] java.lang.IllegalStateException: Expected BEGIN_OBJECT but was STRING at line 31 column 12 path $[0].output_map_list[0].map_enemy_loc[0]
[ 13:30:30.416 14-03-2017  ERROR ] java.lang.IllegalStateException: Expected BEGIN_OBJECT but was STRING at line 31 column 12 path $[0].output_map_list[0].map_enemy_loc[0]
[ 13:32:32.351 14-03-2017  ERROR ] java.lang.IllegalStateException: Expected BEGIN_OBJECT but was STRING at line 31 column 12 path $[0].output_map_list[0].map_enemy_loc[0]
[ 13:32:58.923 14-03-2017  ERROR ] java.lang.IllegalStateException: Expected BEGIN_OBJECT but was STRING at line 31 column 12 path $[0].output_map_list[0].map_enemy_loc[0]
[ 13:33:28.735 14-03-2017  ERROR ] java.lang.IllegalStateException: Expected BEGIN_OBJECT but was STRING at line 31 column 12 path $[0].output_map_list[0].map_enemy_loc[0]
[ 13:33:45.111 14-03-2017  ERROR ] java.lang.IllegalStateException: Expected BEGIN_OBJECT but was STRING at line 31 column 12 path $[0].output_map_list[0].map_enemy_loc[0]
[ 13:38:53.881 14-03-2017  ERROR ] java.lang.IllegalStateException: Expected BEGIN_OBJECT but was STRING at line 31 column 12 path $[0].output_map_list[0].map_enemy_loc[0]
[ 13:38:56.306 14-03-2017  ERROR ] java.lang.IllegalStateException: Expected BEGIN_OBJECT but was STRING at line 31 column 12 path $[0].output_map_list[0].map_enemy_loc[0]
[ 13:38:58.425 14-03-2017  ERROR ] java.lang.IllegalStateException: Expected BEGIN_OBJECT but was STRING at line 31 column 12 path $[0].output_map_list[0].map_enemy_loc[0]
[ 13:39:24.584 14-03-2017  ERROR ] java.lang.IllegalStateException: Expected BEGIN_OBJECT but was STRING at line 31 column 12 path $[0].output_map_list[0].map_enemy_loc[0]
[ 13:39:29.370 14-03-2017  ERROR ] java.lang.IllegalStateException: Expected BEGIN_OBJECT but was STRING at line 31 column 12 path $[0].output_map_list[0].map_enemy_loc[0]
[ 13:39:56.071 14-03-2017  ERROR ] java.lang.IllegalStateException: Expected BEGIN_OBJECT but was STRING at line 31 column 12 path $[0].output_map_list[0].map_enemy_loc[0]
[ 13:40:04.849 14-03-2017  ERROR ] java.lang.IllegalStateException: Expected BEGIN_OBJECT but was STRING at line 31 column 12 path $[0].output_map_list[0].map_enemy_loc[0]
[ 13:40:13.225 14-03-2017  ERROR ] java.lang.IllegalStateException: Expected BEGIN_OBJECT but was STRING at line 31 column 12 path $[0].output_map_list[0].map_enemy_loc[0]
[ 01:55:00.469 23-03-2017  ERROR ] java.lang.IllegalStateException: Expected BEGIN_OBJECT but was STRING at line 21 column 10 path $[0].map_enemy_loc[0]
[ 12:13:37.638 31-03-2017  ERROR ] java.lang.IllegalStateException: Expected a string but was BEGIN_OBJECT at line 10 column 22 path $[0].output_map_list[0].map_size
[ 12:13:37.723 31-03-2017  ERROR ] java.lang.IllegalStateException: Expected a string but was BEGIN_OBJECT at line 10 column 22 path $[0].output_map_list[0].map_size
[ 14:36:05.374 07-04-2017  INFO ] Player not in range to attack...
[ 14:36:07.477 07-04-2017  INFO ] No item found
[ 14:36:23.805 07-04-2017  INFO ] Player not in range to attack...
[ 14:36:25.824 07-04-2017  INFO ] No item found
[ 16:20:04.783 07-04-2017  INFO ] Human Player move
[ 16:20:04.792 07-04-2017  INFO ] Human Player attack
[ 16:20:04.797 07-04-2017  INFO ] Player not in range to attack...
[ 16:20:06.802 07-04-2017  INFO ] Human Player interact
[ 16:20:06.807 07-04-2017  INFO ] No item found
[ 16:20:08.812 07-04-2017  INFO ] Agressive NPC Move
[ 16:20:10.826 07-04-2017  INFO ] Agressive NPC Attack
[ 16:20:12.840 07-04-2017  INFO ] Agressive NPC interact
[ 16:20:14.853 07-04-2017  INFO ] Agressive NPC Move
[ 16:20:16.866 07-04-2017  INFO ] Agressive NPC Attack
[ 16:20:18.879 07-04-2017  INFO ] Agressive NPC interact
[ 16:20:27.792 07-04-2017  INFO ] Human Player move
[ 16:20:27.806 07-04-2017  INFO ] Human Player attack
[ 16:20:27.812 07-04-2017  INFO ] Player not in range to attack...
[ 16:20:29.817 07-04-2017  INFO ] Human Player interact
[ 16:20:29.831 07-04-2017  INFO ] No item found
[ 16:20:31.843 07-04-2017  INFO ] Agressive NPC Move
[ 16:20:33.856 07-04-2017  INFO ] Agressive NPC Attack
[ 16:20:35.870 07-04-2017  INFO ] Agressive NPC interact
[ 16:20:37.883 07-04-2017  INFO ] Agressive NPC Move
[ 16:20:39.896 07-04-2017  INFO ] Agressive NPC Attack
[ 16:20:41.906 07-04-2017  INFO ] Agressive NPC interact
[ 16:54:30.160 07-04-2017  INFO ] Agressive NPC Move
[ 16:54:32.172 07-04-2017  INFO ] Agressive NPC Attack
[ 16:54:34.186 07-04-2017  INFO ] Agressive NPC interact
[ 16:55:04.218 07-04-2017  INFO ] Agressive NPC Move
[ 16:55:06.229 07-04-2017  INFO ] Agressive NPC Attack
[ 16:55:08.242 07-04-2017  INFO ] Agressive NPC interact
[ 16:55:10.255 07-04-2017  INFO ] Agressive NPC Move
[ 16:55:12.263 07-04-2017  INFO ] Agressive NPC Attack
[ 16:55:14.278 07-04-2017  INFO ] Agressive NPC interact
[ 16:59:21.558 07-04-2017  INFO ] Agressive NPC Move
[ 16:59:23.569 07-04-2017  INFO ] Agressive NPC Attack
[ 16:59:25.584 07-04-2017  INFO ] Agressive NPC interact
[ 16:59:27.598 07-04-2017  INFO ] Agressive NPC Move
[ 16:59:29.615 07-04-2017  INFO ] Agressive NPC Attack
[ 16:59:31.629 07-04-2017  INFO ] Agressive NPC interact
[ 17:00:58.714 07-04-2017  INFO ] Agressive NPC Move
[ 17:01:00.723 07-04-2017  INFO ] Agressive NPC Attack
[ 17:01:02.736 07-04-2017  INFO ] Agressive NPC interact
[ 17:14:19.957 07-04-2017  INFO ] Agressive NPC Move
[ 17:14:21.972 07-04-2017  INFO ] Agressive NPC Attack
[ 17:14:23.978 07-04-2017  INFO ] Agressive NPC interact
[ 17:14:32.024 07-04-2017  INFO ] Human Player move
[ 17:14:32.071 07-04-2017  INFO ] Human Player attack
[ 17:14:32.081 07-04-2017  INFO ] Player not in range to attack...
[ 17:14:34.095 07-04-2017  INFO ] Human Player interact
[ 17:14:34.101 07-04-2017  INFO ] No item found
[ 17:14:36.114 07-04-2017  INFO ] Agressive NPC Move
[ 17:14:38.129 07-04-2017  INFO ] Agressive NPC Attack
[ 17:14:40.142 07-04-2017  INFO ] Agressive NPC interact
[ 17:14:42.147 07-04-2017  INFO ] Agressive NPC Move
[ 17:14:44.160 07-04-2017  INFO ] Agressive NPC Attack
[ 17:14:46.173 07-04-2017  INFO ] Agressive NPC interact
[ 17:19:52.178 07-04-2017  INFO ] Agressive NPC Move
[ 17:19:54.190 07-04-2017  INFO ] Agressive NPC Attack
[ 17:19:56.204 07-04-2017  INFO ] Agressive NPC interact
[ 17:19:58.217 07-04-2017  INFO ] Agressive NPC Move
[ 17:20:00.223 07-04-2017  INFO ] Agressive NPC Attack
[ 17:20:02.230 07-04-2017  INFO ] Agressive NPC interact
[ 17:20:41.615 07-04-2017  INFO ] Human Player move
[ 17:20:41.624 07-04-2017  INFO ] Human Player attack
[ 17:20:41.630 07-04-2017  INFO ] Player not in range to attack...
[ 17:20:43.637 07-04-2017  INFO ] Human Player interact
[ 17:20:43.651 07-04-2017  INFO ] No item found
[ 17:20:45.671 07-04-2017  INFO ] Agressive NPC Move
[ 17:20:47.685 07-04-2017  INFO ] Agressive NPC Attack
[ 17:20:49.698 07-04-2017  INFO ] Agressive NPC interact
[ 17:20:51.712 07-04-2017  INFO ] Agressive NPC Move
[ 17:20:53.725 07-04-2017  INFO ] Agressive NPC Attack
[ 17:20:55.738 07-04-2017  INFO ] Agressive NPC interact
[ 17:24:42.129 07-04-2017  INFO ] Agressive NPC Move
[ 17:24:44.145 07-04-2017  INFO ] Agressive NPC Attack
[ 17:24:46.159 07-04-2017  INFO ] Agressive NPC interact
[ 17:24:51.569 07-04-2017  INFO ] Human Player move
[ 17:24:51.604 07-04-2017  INFO ] Human Player attack
[ 17:24:51.611 07-04-2017  INFO ] Player not in range to attack...
[ 17:24:53.622 07-04-2017  INFO ] Human Player interact
[ 17:24:53.632 07-04-2017  INFO ] No item found
[ 17:24:55.657 07-04-2017  INFO ] Agressive NPC Move
[ 17:24:57.663 07-04-2017  INFO ] Agressive NPC Attack
[ 17:24:59.676 07-04-2017  INFO ] Agressive NPC interact
[ 17:25:05.045 07-04-2017  INFO ] Human Player move
[ 17:25:05.059 07-04-2017  INFO ] Human Player attack
[ 17:25:05.065 07-04-2017  INFO ] Player not in range to attack...
[ 17:25:07.080 07-04-2017  INFO ] Human Player interact
[ 17:25:07.094 07-04-2017  INFO ] No item found
[ 17:25:09.109 07-04-2017  INFO ] Agressive NPC Move
[ 17:25:11.123 07-04-2017  INFO ] Agressive NPC Attack
[ 17:25:13.137 07-04-2017  INFO ] Agressive NPC interact
[ 17:25:24.680 07-04-2017  INFO ] Human Player move
[ 17:25:24.687 07-04-2017  INFO ] Human Player attack
[ 17:25:26.692 07-04-2017  INFO ] Human Player interact
